Log file open, 01/24/19 20:28:17
LogWindows: Failed to load 'aqProf.dll' (GetLastError=126)
LogWindows: File 'aqProf.dll' does not exist
LogWindows: Failed to load 'VSPerf140.dll' (GetLastError=126)
LogWindows: File 'VSPerf140.dll' does not exist
LogWindows: Failed to load 'VtuneApi.dll' (GetLastError=126)
LogWindows: File 'VtuneApi.dll' does not exist
LogWindows: Failed to load 'VtuneApi32e.dll' (GetLastError=126)
LogWindows: File 'VtuneApi32e.dll' does not exist
LogInit: Display: Running engine for game: AEP_InClassWhiteBox
LogPlatformFile: Not using cached read wrapper
LogTaskGraph: Started task graph with 5 named threads and 23 total threads with 3 sets of task threads.
LogStats: Stats thread started at 0.285467
LogD3D11RHI: Loaded GFSDK_Aftermath_Lib.x64.dll
LogICUInternationalization: Display: ICU TimeZone Detection - Raw Offset: -7:00, Platform Override: ''
LogPluginManager: Mounting plugin Paper2D
LogPluginManager: Mounting plugin AISupport
LogPluginManager: Mounting plugin LightPropagationVolume
LogPluginManager: Mounting plugin CLionSourceCodeAccess
LogPluginManager: Mounting plugin CodeLiteSourceCodeAccess
LogPluginManager: Mounting plugin GitSourceControl
LogPluginManager: Mounting plugin KDevelopSourceCodeAccess
LogPluginManager: Mounting plugin NullSourceCodeAccess
LogPluginManager: Mounting plugin PerforceSourceControl
LogPluginManager: Mounting plugin SubversionSourceControl
LogPluginManager: Mounting plugin UObjectPlugin
LogPluginManager: Mounting plugin VisualStudioCodeSourceCodeAccess
LogPluginManager: Mounting plugin VisualStudioSourceCodeAccess
LogPluginManager: Mounting plugin XCodeSourceCodeAccess
LogPluginManager: Mounting plugin AssetManagerEditor
LogPluginManager: Mounting plugin CryptoKeys
LogPluginManager: Mounting plugin DataValidation
LogPluginManager: Mounting plugin FacialAnimation
LogPluginManager: Mounting plugin GameplayTagsEditor
LogPluginManager: Mounting plugin MacGraphicsSwitching
LogPluginManager: Mounting plugin MeshEditor
LogPluginManager: Mounting plugin MobileLauncherProfileWizard
LogPluginManager: Mounting plugin PluginBrowser
LogPluginManager: Mounting plugin SpeedTreeImporter
LogPluginManager: Mounting plugin DatasmithContent
LogPluginManager: Mounting plugin AlembicImporter
LogPluginManager: Mounting plugin AppleImageUtils
LogPluginManager: Mounting plugin AppleVision
LogPluginManager: Mounting plugin BackChannel
LogPluginManager: Mounting plugin CharacterAI
LogPluginManager: Mounting plugin GeometryCache
LogPluginManager: Mounting plugin HTML5Networking
LogPluginManager: Mounting plugin ProxyLODPlugin
LogPluginManager: Mounting plugin MagicLeap
LogPluginManager: Mounting plugin MagicLeapEmulator
LogPluginManager: Mounting plugin MagicLeapMedia
LogPluginManager: Mounting plugin AndroidMedia
LogPluginManager: Mounting plugin AvfMedia
LogPluginManager: Mounting plugin ImgMedia
LogPluginManager: Mounting plugin LinearTimecode
LogPluginManager: Mounting plugin MediaCompositing
LogPluginManager: Mounting plugin MediaPlayerEditor
LogPluginManager: Mounting plugin WmfMedia
LogPluginManager: Mounting plugin TcpMessaging
LogPluginManager: Mounting plugin UdpMessaging
LogPluginManager: Mounting plugin ActorSequence
LogPluginManager: Mounting plugin LevelSequenceEditor
LogPluginManager: Mounting plugin MatineeToLevelSequence
LogPluginManager: Mounting plugin NetcodeUnitTest
LogPluginManager: Mounting plugin NUTUnrealEngine4
LogPluginManager: Mounting plugin OnlineSubsystemGooglePlay
LogPluginManager: Mounting plugin OnlineSubsystemIOS
LogPluginManager: Mounting plugin OnlineSubsystem
LogPluginManager: Mounting plugin OnlineSubsystemNull
LogPluginManager: Mounting plugin OnlineSubsystemUtils
LogPluginManager: Mounting plugin LauncherChunkInstaller
LogPluginManager: Mounting plugin AndroidDeviceProfileSelector
LogPluginManager: Mounting plugin AndroidMoviePlayer
LogPluginManager: Mounting plugin AndroidPermission
LogPluginManager: Mounting plugin AppleMoviePlayer
LogPluginManager: Mounting plugin ArchVisCharacter
LogPluginManager: Mounting plugin AudioCapture
LogPluginManager: Mounting plugin CableComponent
LogPluginManager: Mounting plugin CustomMeshComponent
LogPluginManager: Mounting plugin EditableMesh
LogPluginManager: Mounting plugin ExampleDeviceProfileSelector
LogPluginManager: Mounting plugin GoogleCloudMessaging
LogPluginManager: Mounting plugin ImmediatePhysics
LogPluginManager: Mounting plugin IOSDeviceProfileSelector
LogPluginManager: Mounting plugin LinuxDeviceProfileSelector
LogPluginManager: Mounting plugin LocationServicesBPLibrary
LogPluginManager: Mounting plugin MobilePatchingUtils
LogPluginManager: Mounting plugin OculusVR
LogPluginManager: Plugin shader directory ../../../Engine/Plugins/Runtime/Oculus/OculusVR/Shaders found
LogPluginManager: Mapping shader source directory ../../../Engine/Plugins/Runtime/Oculus/OculusVR/Shaders to virtual directory /Plugin/OculusVR
LogPluginManager: Mounting plugin PhysXVehicles
LogPluginManager: Mounting plugin ProceduralMeshComponent
LogPluginManager: Mounting plugin RuntimePhysXCooking
LogPluginManager: Mounting plugin SteamVR
LogPluginManager: Mounting plugin WindowsMoviePlayer
LogStreaming: Display: Took  0.086s to configure plugins.
LogInit: Using libcurl 7.55.1-DEV
LogInit:  - built for x86_64-pc-win32
LogInit:  - supports SSL with OpenSSL/1.0.2h
LogInit:  - supports HTTP deflate (compression) using libz 1.2.8
LogInit:  - other features:
LogInit:      CURL_VERSION_SSL
LogInit:      CURL_VERSION_LIBZ
LogInit:      CURL_VERSION_IPV6
LogInit:      CURL_VERSION_ASYNCHDNS
LogInit:      CURL_VERSION_LARGEFILE
LogInit:      CURL_VERSION_IDN
LogInit:  CurlRequestOptions (configurable via config and command line):
LogInit:  - bVerifyPeer = false  - Libcurl will NOT verify peer certificate
LogInit:  - bUseHttpProxy = false  - Libcurl will NOT use HTTP proxy
LogInit:  - bDontReuseConnections = false  - Libcurl will reuse connections
LogInit:  - CertBundlePath = nullptr  - Libcurl will use whatever was configured at build time.
LogInit:  - MaxHostConnections = 16  - Libcurl will limit the number of connections to a host
LogInit:  - LocalHostAddr = Default
LogInit:  - BufferSize = 65536
LogInit: WinSock: version 1.1 (2.2), MaxSocks=32767, MaxUdp=65467
LogInit: Build: ++UE4+Release-4.20-CL-4369336
LogInit: Engine Version: 4.20.3-4369336+++UE4+Release-4.20
LogInit: Compatible Engine Version: 4.20.0-4212847+++UE4+Release-4.20
LogInit: Net CL: 4212847
LogInit: OS: Windows 10 (), CPU: Intel(R) Core(TM) i7-7700HQ CPU @ 2.80GHz, GPU: Intel(R) HD Graphics 630
LogInit: Compiled (64-bit): Sep 17 2018 12:26:19
LogInit: Compiled with Visual C++: 19.13.26129.00
LogInit: Build Configuration: Development
LogInit: Branch Name: ++UE4+Release-4.20
LogInit: Command Line: 
LogInit: Base Directory: C:/Program Files/Epic Games/UE_4.20/Engine/Binaries/Win64/
LogInit: Installed Engine Build: 1
LogDevObjectVersion: Number of dev versions registered: 20
LogDevObjectVersion:   Dev-Blueprints (B0D832E4-1F89-4F0D-ACCF-7EB736FD4AA2): 10
LogDevObjectVersion:   Dev-Build (E1C64328-A22C-4D53-A36C-8E866417BD8C): 0
LogDevObjectVersion:   Dev-Core (375EC13C-06E4-48FB-B500-84F0262A717E): 2
LogDevObjectVersion:   Dev-Editor (E4B068ED-F494-42E9-A231-DA0B2E46BB41): 24
LogDevObjectVersion:   Dev-Framework (CFFC743F-43B0-4480-9391-14DF171D2073): 34
LogDevObjectVersion:   Dev-Mobile (B02B49B5-BB20-44E9-A304-32B752E40360): 2
LogDevObjectVersion:   Dev-Networking (A4E4105C-59A1-49B5-A7C5-40C4547EDFEE): 0
LogDevObjectVersion:   Dev-Online (39C831C9-5AE6-47DC-9A44-9C173E1C8E7C): 0
LogDevObjectVersion:   Dev-Physics (78F01B33-EBEA-4F98-B9B4-84EACCB95AA2): 0
LogDevObjectVersion:   Dev-Platform (6631380F-2D4D-43E0-8009-CF276956A95A): 0
LogDevObjectVersion:   Dev-Rendering (12F88B9F-8875-4AFC-A67C-D90C383ABD29): 26
LogDevObjectVersion:   Dev-Sequencer (7B5AE74C-D270-4C10-A958-57980B212A5A): 9
LogDevObjectVersion:   Dev-VR (D7296918-1DD6-4BDD-9DE2-64A83CC13884): 2
LogDevObjectVersion:   Dev-LoadTimes (C2A15278-BFE7-4AFE-6C17-90FF531DF755): 1
LogDevObjectVersion:   Private-Geometry (6EACA3D4-40EC-4CC1-B786-8BED09428FC5): 3
LogDevObjectVersion:   Dev-AnimPhys (29E575DD-E0A3-4627-9D10-D276232CDCEA): 17
LogDevObjectVersion:   Dev-ReflectionCapture (6B266CEC-1EC7-4B8F-A30B-E4D90942FC07): 1
LogDevObjectVersion:   Dev-Automation (0DF73D61-A23F-47EA-B727-89E90C41499A): 1
LogDevObjectVersion:   FortniteMain (601D1886-AC64-4F84-AA16-D3DE0DEAC7D6): 12
LogDevObjectVersion:   Dev-Enterprise (9DFFBCD6-494F-0158-E221-12823C92A888): 1
LogStreaming: Display: Took  0.001s to delete old logs.
LogInit: Presizing for max 8388607 objects, including 0 objects not considered by GC, pre-allocating 0 bytes for permanent pool.
LogInit: Object subsystem initialized
[2019.01.25-03.28.17:640][  0]LogInit: Selected Device Profile: [Windows]
[2019.01.25-03.28.17:640][  0]LogInit: Applying CVar settings loaded from the selected device profile: [Windows]
[2019.01.25-03.28.17:653][  0]LogHAL: Display: Platform has ~ 16 GB [17053184000 / 17179869184 / 16], which maps to Larger [LargestMinGB=32, LargerMinGB=12, DefaultMinGB=8, SmallerMinGB=6, SmallestMinGB=0)
[2019.01.25-03.28.17:653][  0]LogInit: Setting Device Profile CVar: [[r.Vulkan.UseRealUBs:1]]
[2019.01.25-03.28.17:653][  0]LogInit: Going up to parent DeviceProfile []
[2019.01.25-03.28.17:654][  0]LogInit: Computer: DESKTOP-2UA0O6M
[2019.01.25-03.28.17:654][  0]LogInit: User: AcadiaPinault
[2019.01.25-03.28.17:654][  0]LogInit: CPU Page size=4096, Cores=4
[2019.01.25-03.28.17:654][  0]LogInit: High frequency timer resolution =2.742187 MHz
[2019.01.25-03.28.17:654][  0]LogMemory: Memory total: Physical=15.9GB (16GB approx)
[2019.01.25-03.28.17:654][  0]LogMemory: Platform Memory Stats for Windows
[2019.01.25-03.28.17:654][  0]LogMemory: Process Physical Memory: 99.27 MB used, 99.27 MB peak
[2019.01.25-03.28.17:654][  0]LogMemory: Process Virtual Memory: 90.85 MB used, 90.85 MB peak
[2019.01.25-03.28.17:654][  0]LogMemory: Physical Memory: 6142.49 MB used,  10120.69 MB free, 16263.18 MB total
[2019.01.25-03.28.17:654][  0]LogMemory: Virtual Memory: 4645.21 MB used,  10120.69 MB free, 134217728.00 MB total
[2019.01.25-03.28.17:669][  0]LogInit: Using OS detected language (en-US).
[2019.01.25-03.28.17:669][  0]LogInit: Using OS detected locale (en-US).
[2019.01.25-03.28.17:669][  0]LogTextLocalizationManager: No specific localization for 'en-US' exists, so the 'en' localization will be used.
[2019.01.25-03.28.18:035][  0]LogStreaming: Display: Took  0.366s to InitEngineTextLocalization.
[2019.01.25-03.28.18:035][  0]LogInit: Setting process to per monitor DPI aware
[2019.01.25-03.28.18:078][  0]LogSlate: New Slate User Created.  User Index 0, Is Virtual User: 0
[2019.01.25-03.28.18:078][  0]LogSlate: Slate User Registered.  User Index 0, Is Virtual User: 0
[2019.01.25-03.28.18:272][  0]LogHMD: Failed to initialize OpenVR with code 110
[2019.01.25-03.28.18:272][  0]LogD3D11RHI: D3D11 adapters:
[2019.01.25-03.28.19:172][  0]LogD3D11RHI:    0. 'NVIDIA GeForce GTX 1060' (Feature Level 11_0)
[2019.01.25-03.28.19:172][  0]LogD3D11RHI:       6084/0/8131 MB DedicatedVideo/DedicatedSystem/SharedSystem, Outputs:1, VendorId:0x10de
[2019.01.25-03.28.19:179][  0]LogD3D11RHI:    1. 'Intel(R) HD Graphics 630' (Feature Level 11_0)
[2019.01.25-03.28.19:179][  0]LogD3D11RHI:       128/0/8131 MB DedicatedVideo/DedicatedSystem/SharedSystem, Outputs:0, VendorId:0x8086
[2019.01.25-03.28.19:181][  0]LogD3D11RHI:    2. 'Microsoft Basic Render Driver' (Feature Level 11_0)
[2019.01.25-03.28.19:181][  0]LogD3D11RHI:       0/0/8131 MB DedicatedVideo/DedicatedSystem/SharedSystem, Outputs:0, VendorId:0x1414
[2019.01.25-03.28.19:181][  0]LogD3D11RHI: Chosen D3D11 Adapter: 0
[2019.01.25-03.28.19:215][  0]LogD3D11RHI: Creating new Direct3DDevice
[2019.01.25-03.28.19:215][  0]LogD3D11RHI:     GPU DeviceId: 0x1c20 (for the marketing name, search the web for "GPU Device Id")
[2019.01.25-03.28.19:215][  0]LogWindows: EnumDisplayDevices:
[2019.01.25-03.28.19:215][  0]LogWindows:    0. 'Intel(R) HD Graphics 630' (P:1 D:1)
[2019.01.25-03.28.19:215][  0]LogWindows:    1. 'Intel(R) HD Graphics 630' (P:0 D:0)
[2019.01.25-03.28.19:215][  0]LogWindows:    2. 'Intel(R) HD Graphics 630' (P:0 D:0)
[2019.01.25-03.28.19:216][  0]LogWindows:    3. 'NVIDIA GeForce GTX 1060' (P:0 D:0)
[2019.01.25-03.28.19:216][  0]LogWindows:    4. 'NVIDIA GeForce GTX 1060' (P:0 D:0)
[2019.01.25-03.28.19:216][  0]LogWindows:    5. 'NVIDIA GeForce GTX 1060' (P:0 D:0)
[2019.01.25-03.28.19:216][  0]LogWindows:    6. 'NVIDIA GeForce GTX 1060' (P:0 D:0)
[2019.01.25-03.28.19:216][  0]LogWindows: DebugString: PrimaryIsNotTheChoosenAdapter PrimaryIsNotTheChoosenAdapter PrimaryIsNotTheChoosenAdapter FoundDriverCount:4 
[2019.01.25-03.28.19:216][  0]LogD3D11RHI:     Adapter Name: NVIDIA GeForce GTX 1060
[2019.01.25-03.28.19:216][  0]LogD3D11RHI:   Driver Version: 382.05 (internal:22.21.13.8205, unified:382.05)
[2019.01.25-03.28.19:216][  0]LogD3D11RHI:      Driver Date: 5-1-2017
[2019.01.25-03.28.19:216][  0]LogRHI: Texture pool is 4259 MB (70% of 6084 MB)
[2019.01.25-03.28.19:246][  0]LogD3D11RHI: Async texture creation enabled
[2019.01.25-03.28.19:256][  0]LogD3D11RHI: GPU Timing Frequency: 1000.000000 (Debug: 2 1)
[2019.01.25-03.28.19:258][  0]LogShaderCompilers: Guid format shader working directory is -39 characters bigger than the processId version (../../../../../../Users/Acadia Pinault/Documents/GitHub/AEP_AssetPipeline/AEP_InClassWhiteBox/Intermediate/Shaders/WorkingDirectory/12484/).
[2019.01.25-03.28.19:258][  0]LogShaderCompilers: Cleaned the shader compiler working directory 'C:/Users/Acadia Pinault/AppData/Local/Temp/UnrealShaderWorkingDir/9AF8B2784A4C0945415950A51F9AE5EC/'.
[2019.01.25-03.28.19:524][  0]LogTemp: Display: Loaded TP AllDesktopTargetPlatform
[2019.01.25-03.28.19:537][  0]LogTemp: Display: Loaded TP MacClientTargetPlatform
[2019.01.25-03.28.19:552][  0]LogTemp: Display: Loaded TP MacNoEditorTargetPlatform
[2019.01.25-03.28.19:565][  0]LogTemp: Display: Loaded TP MacServerTargetPlatform
[2019.01.25-03.28.19:579][  0]LogTemp: Display: Loaded TP MacTargetPlatform
[2019.01.25-03.28.19:593][  0]LogTemp: Display: Loaded TP WindowsClientTargetPlatform
[2019.01.25-03.28.19:606][  0]LogTemp: Display: Loaded TP WindowsNoEditorTargetPlatform
[2019.01.25-03.28.19:619][  0]LogTemp: Display: Loaded TP WindowsServerTargetPlatform
[2019.01.25-03.28.19:627][  0]LogTemp: Display: Loaded TP WindowsTargetPlatform
[2019.01.25-03.28.19:709][  0]LogTemp: Display: Loaded TP AndroidTargetPlatform
[2019.01.25-03.28.19:709][  0]LogTemp: Display: Loaded TP AndroidTargetPlatform
[2019.01.25-03.28.19:709][  0]LogTemp: Display: Loaded TP AndroidTargetPlatform
[2019.01.25-03.28.19:709][  0]LogTemp: Display: Loaded TP AndroidTargetPlatform
[2019.01.25-03.28.19:709][  0]LogTemp: Display: Loaded TP AndroidTargetPlatform
[2019.01.25-03.28.19:709][  0]LogTemp: Display: Loaded TP AndroidTargetPlatform
[2019.01.25-03.28.19:709][  0]LogTemp: Display: Loaded TP AndroidTargetPlatform
[2019.01.25-03.28.19:709][  0]LogTemp: Display: Loaded TP AndroidTargetPlatform
[2019.01.25-03.28.19:709][  0]LogTemp: Display: Loaded TP AndroidTargetPlatform
[2019.01.25-03.28.19:709][  0]LogTemp: Display: Loaded TP AndroidTargetPlatform
[2019.01.25-03.28.19:709][  0]LogTemp: Display: Loaded TP AndroidTargetPlatform
[2019.01.25-03.28.19:709][  0]LogTemp: Display: Loaded TP AndroidTargetPlatform
[2019.01.25-03.28.19:709][  0]LogTemp: Display: Loaded TP AndroidTargetPlatform
[2019.01.25-03.28.19:709][  0]LogTemp: Display: Loaded TP AndroidTargetPlatform
[2019.01.25-03.28.19:709][  0]LogTemp: Display: Loaded TP AndroidTargetPlatform
[2019.01.25-03.28.19:709][  0]LogTemp: Display: Loaded TP AndroidTargetPlatform
[2019.01.25-03.28.19:709][  0]LogTemp: Display: Loaded TP AndroidTargetPlatform
[2019.01.25-03.28.19:709][  0]LogTemp: Display: Loaded TP AndroidTargetPlatform
[2019.01.25-03.28.19:710][  0]LogTemp: Display: Loaded TP HTML5TargetPlatform
[2019.01.25-03.28.19:769][  0]LogTemp: Display: Loaded TP IOSTargetPlatform
[2019.01.25-03.28.19:769][  0]LogTemp: Display: Loaded TP IOSTargetPlatform
[2019.01.25-03.28.19:791][  0]LogTemp: Display: Loaded TP TVOSTargetPlatform
[2019.01.25-03.28.19:791][  0]LogTemp: Display: Loaded TP TVOSTargetPlatform
[2019.01.25-03.28.19:803][  0]LogTemp: Display: Loaded TP LinuxClientTargetPlatform
[2019.01.25-03.28.19:815][  0]LogTemp: Display: Loaded TP LinuxNoEditorTargetPlatform
[2019.01.25-03.28.19:826][  0]LogTemp: Display: Loaded TP LinuxServerTargetPlatform
[2019.01.25-03.28.19:839][  0]LogTemp: Display: Loaded TP LinuxTargetPlatform
[2019.01.25-03.28.19:847][  0]LogTemp: Display: Loaded TP LuminTargetPlatform
[2019.01.25-03.28.19:848][  0]LogTargetPlatformManager: Display: Building Assets For Windows
[2019.01.25-03.28.19:898][  0]LogXGEController: Cannot use XGE Controller as Incredibuild is not installed on this machine.
[2019.01.25-03.28.19:898][  0]LogShaderCompilers: Cannot use XGE Shader Compiler as Incredibuild is not installed on this machine.
[2019.01.25-03.28.19:898][  0]LogShaderCompilers: Display: Using Local Shader Compiler.
[2019.01.25-03.28.20:614][  0]LogDerivedDataCache: Display: Max Cache Size: 512 MB
[2019.01.25-03.28.20:671][  0]LogDerivedDataCache: Loaded boot cache 0.06s 71MB C:/Users/Acadia Pinault/AppData/Local/UnrealEngine/4.20/DerivedDataCache/Boot.ddc.
[2019.01.25-03.28.20:671][  0]LogDerivedDataCache: Display: Loaded Boot cache: C:/Users/Acadia Pinault/AppData/Local/UnrealEngine/4.20/DerivedDataCache/Boot.ddc
[2019.01.25-03.28.20:671][  0]LogDerivedDataCache: FDerivedDataBackendGraph:  Pak pak cache file ../../../../../../Users/Acadia Pinault/Documents/GitHub/AEP_AssetPipeline/AEP_InClassWhiteBox/DerivedDataCache/DDC.ddp not found, will not use a pak cache.
[2019.01.25-03.28.20:671][  0]LogDerivedDataCache: Unable to find inner node Pak for hierarchical cache Hierarchy.
[2019.01.25-03.28.20:671][  0]LogDerivedDataCache: FDerivedDataBackendGraph:  CompressedPak pak cache file ../../../../../../Users/Acadia Pinault/Documents/GitHub/AEP_AssetPipeline/AEP_InClassWhiteBox/DerivedDataCache/Compressed.ddp not found, will not use a pak cache.
[2019.01.25-03.28.20:671][  0]LogDerivedDataCache: Unable to find inner node CompressedPak for hierarchical cache Hierarchy.
[2019.01.25-03.28.20:685][  0]LogDerivedDataCache: Display: Pak cache opened for reading ../../../Engine/DerivedDataCache/Compressed.ddp.
[2019.01.25-03.28.20:697][  0]LogDerivedDataCache: Using Local data cache path C:/Users/Acadia Pinault/AppData/Local/UnrealEngine/Common/DerivedDataCache: Writable
[2019.01.25-03.28.20:697][  0]LogDerivedDataCache: Shared data cache path not found in *engine.ini, will not use an Shared cache.
[2019.01.25-03.28.20:697][  0]LogDerivedDataCache: Unable to find inner node Shared for hierarchical cache Hierarchy.
[2019.01.25-03.28.20:715][  0]LogMaterial: Verifying Global Shaders for PCD3D_SM5
[2019.01.25-03.28.20:717][  0]LogSlate: Using FreeType 2.6.0
[2019.01.25-03.28.20:717][  0]LogSlate: SlateFontServices - WITH_FREETYPE: 1, WITH_HARFBUZZ: 1
[2019.01.25-03.28.20:791][  0]LogAssetRegistry: FAssetRegistry took 0.0270 seconds to start up
[2019.01.25-03.28.21:108][  0]LogInit: Selected Device Profile: [Windows]
[2019.01.25-03.28.21:256][  0]LogSimplygon: Simplygon DLL not present - disabling.
[2019.01.25-03.28.21:259][  0]LogMeshReduction: Using SimplygonSwarm for distributed automatic mesh merging
[2019.01.25-03.28.21:259][  0]LogMeshReduction: Using ProxyLODMeshReduction for automatic mesh merging
[2019.01.25-03.28.21:259][  0]LogMeshReduction: Using QuadricMeshReduction for automatic static mesh reduction
[2019.01.25-03.28.21:259][  0]LogMeshReduction: No automatic skeletal mesh reduction module available
[2019.01.25-03.28.21:273][  0]LogNetVersion: AEP_InClassWhiteBox 1.0.0, NetCL: 4212847, EngineNetVer: 5, GameNetVer: 0 (Checksum: 3852736026)
[2019.01.25-03.28.21:771][  0]LogPackageLocalizationCache: Processed 11 localized package path(s) for 2 prioritized culture(s) in 0.089780 seconds
[2019.01.25-03.28.21:777][  0]LogUObjectArray: 38425 objects as part of root set at end of initial load.
[2019.01.25-03.28.21:777][  0]LogUObjectAllocator: 6690864 out of 0 bytes used by permanent object pool.
[2019.01.25-03.28.21:777][  0]LogUObjectArray: CloseDisregardForGC: 0/0 objects in disregard for GC pool
[2019.01.25-03.28.22:539][  0]LogTcpMessaging: Initializing TcpMessaging bridge
[2019.01.25-03.28.22:553][  0]LogUdpMessaging: Initializing bridge on interface 0.0.0.0:0 to multicast group 230.0.0.1:6666.
[2019.01.25-03.28.22:690][  0]SourceControl: Source control is disabled
[2019.01.25-03.28.22:690][  0]SourceControl: Source control is disabled
[2019.01.25-03.28.22:692][  0]SourceControl: Source control is disabled
[2019.01.25-03.28.22:692][  0]SourceControl: Source control is disabled
[2019.01.25-03.28.22:851][  0]LogAndroidPermission: UAndroidPermissionCallbackProxy::GetInstance
[2019.01.25-03.28.22:915][  0]LogOcInput: OculusInput pre-init called
[2019.01.25-03.28.22:973][  0]LogEngine: Initializing Engine...
[2019.01.25-03.28.22:973][  0]LogHMD: Failed to initialize OpenVR with code 110
[2019.01.25-03.28.22:974][  0]LogStats: UGameplayTagsManager::ConstructGameplayTagTree: ImportINI prefixes -  0.000 s
[2019.01.25-03.28.22:974][  0]LogStats: UGameplayTagsManager::ConstructGameplayTagTree: Construct from data asset -  0.000 s
[2019.01.25-03.28.22:974][  0]LogStats: UGameplayTagsManager::ConstructGameplayTagTree: ImportINI -  0.000 s
[2019.01.25-03.28.22:974][  0]LogStats: UGameplayTagsManager::ConstructGameplayTagTree: GameplayTagTreeChangedEvent.Broadcast -  0.000 s
[2019.01.25-03.28.23:194][  0]LogInit: Initializing FReadOnlyCVARCache
[2019.01.25-03.28.23:208][  0]LogAIModule: Creating AISystem for world Untitled
[2019.01.25-03.28.23:221][  0]LogInit: XAudio2 using 'Speakers (Realtek High Definition Audio)' : 2 channels at 48 kHz using 32 bits per sample (channel mask 0x3)
[2019.01.25-03.28.23:345][  0]LogInit: FAudioDevice initialized.
[2019.01.25-03.28.23:345][  0]LogNetVersion: Set ProjectVersion to 1.0.0.0. Version Checksum will be recalculated on next use.
[2019.01.25-03.28.23:458][  0]LogDerivedDataCache: Saved boot cache 0.11s 71MB C:/Users/Acadia Pinault/AppData/Local/UnrealEngine/4.20/DerivedDataCache/Boot.ddc.
[2019.01.25-03.28.23:475][  0]LogInit: Texture streaming: Enabled
[2019.01.25-03.28.23:495][  0]LogEngineSessionManager: EngineSessionManager initialized
[2019.01.25-03.28.23:513][  0]LogInit: Transaction tracking system initialized
[2019.01.25-03.28.23:532][  0]BlueprintLog: New page: Editor Load
[2019.01.25-03.28.23:602][  0]LocalizationService: Localization service is disabled
[2019.01.25-03.28.23:854][  0]LogCook: Display: Max memory allowance for cook 16384mb min free memory 0mb
[2019.01.25-03.28.23:854][  0]LogCook: Display: Mobile HDR setting 1
[2019.01.25-03.28.23:854][  0]LogFileCache: Scanning file cache for directory 'C:/Users/Acadia Pinault/Documents/GitHub/AEP_AssetPipeline/AEP_InClassWhiteBox/Content/' took 0.01s
[2019.01.25-03.28.23:854][  0]LogGameplayTags: Display: UGameplayTagsManager::DoneAddingNativeTags. DelegateIsBound: 0
[2019.01.25-03.28.23:854][  0]LogStats: UGameplayTagsManager::ConstructGameplayTagTree: ImportINI prefixes -  0.000 s
[2019.01.25-03.28.23:854][  0]LogStats: UGameplayTagsManager::ConstructGameplayTagTree: Construct from data asset -  0.000 s
[2019.01.25-03.28.23:854][  0]LogStats: UGameplayTagsManager::ConstructGameplayTagTree: ImportINI -  0.000 s
[2019.01.25-03.28.23:854][  0]LogStats: UGameplayTagsManager::ConstructGameplayTagTree: GameplayTagTreeChangedEvent.Broadcast -  0.000 s
[2019.01.25-03.28.23:971][  0]SourceControl: Source control is disabled
[2019.01.25-03.28.23:971][  0]Cmd: MAP LOAD FILE="../../../Engine/Content/Maps/Templates/Template_Default.umap" TEMPLATE=1 SHOWPROGRESS=1 FEATURELEVEL=3
[2019.01.25-03.28.23:972][  0]LightingResults: New page: Lighting Build
[2019.01.25-03.28.23:974][  0]MapCheck: New page: Map Check
[2019.01.25-03.28.23:974][  0]LightingResults: New page: Lighting Build
[2019.01.25-03.28.24:173][  0]LogAIModule: Creating AISystem for world Untitled_1
[2019.01.25-03.28.24:180][  0]LogEditorServer: Finished looking for orphan Actors (0.000 secs)
[2019.01.25-03.28.24:203][  0]Cmd: MAP CHECKDEP NOCLEARLOG
[2019.01.25-03.28.24:257][  0]MapCheck: Map check complete: 0 Error(s), 0 Warning(s), took 54.429ms to complete.
[2019.01.25-03.28.24:258][  0]LogFileHelpers: Loading map 'Template_Default' took 0.287
[2019.01.25-03.28.24:364][  0]LogSlate: Updating window title bar state: overlay mode, drag disabled, window buttons hidden, title bar hidden
[2019.01.25-03.28.24:371][  0]LogSlate: Updating window title bar state: overlay mode, drag disabled, window buttons hidden, title bar hidden
[2019.01.25-03.28.24:380][  0]LogSlate: Updating window title bar state: overlay mode, drag disabled, window buttons hidden, title bar hidden
[2019.01.25-03.28.24:388][  0]LogSlate: Updating window title bar state: overlay mode, drag disabled, window buttons hidden, title bar hidden
[2019.01.25-03.28.24:393][  0]LogCollectionManager: Loaded 0 collections in 0.001395 seconds
[2019.01.25-03.28.24:434][  0]LogFileCache: Scanning file cache for directory 'C:/Users/Acadia Pinault/Documents/GitHub/AEP_AssetPipeline/AEP_InClassWhiteBox/Saved/Collections/' took 0.01s
[2019.01.25-03.28.24:435][  0]LogFileCache: Scanning file cache for directory 'C:/Users/Acadia Pinault/Documents/GitHub/AEP_AssetPipeline/AEP_InClassWhiteBox/Content/Developers/AcadiaPinault/Collections/' took 0.01s
[2019.01.25-03.28.24:435][  0]LogFileCache: Scanning file cache for directory 'C:/Users/Acadia Pinault/Documents/GitHub/AEP_AssetPipeline/AEP_InClassWhiteBox/Content/Collections/' took 0.01s
[2019.01.25-03.28.24:435][  0]LogCollectionManager: Rebuilt the GUID cache for 0 collections in 0.000000 seconds
[2019.01.25-03.28.24:446][  0]LogContentBrowser: Native class hierarchy populated in 0.0110 seconds. Added 2572 classes and 603 folders.
[2019.01.25-03.28.24:452][  0]LogContentBrowser: Native class hierarchy updated for 'WidgetCarousel' in 0.0003 seconds. Added 0 classes and 0 folders.
[2019.01.25-03.28.24:499][  0]LogContentBrowser: Native class hierarchy updated for 'AddContentDialog' in 0.0002 seconds. Added 0 classes and 0 folders.
[2019.01.25-03.28.24:505][  0]LogContentBrowser: Native class hierarchy updated for 'SceneOutliner' in 0.0004 seconds. Added 1 classes and 2 folders.
[2019.01.25-03.28.24:525][  0]LogSlate: Took 0.000523 seconds to synchronously load lazily loaded font '../../../Engine/Content/Slate/Fonts/Roboto-Regular.ttf' (155K)
[2019.01.25-03.28.24:528][  0]LogSlate: Took 0.000342 seconds to synchronously load lazily loaded font '../../../Engine/Content/Slate/Fonts/Roboto-Bold.ttf' (160K)
[2019.01.25-03.28.24:538][  0]LogSlate: Took 0.000311 seconds to synchronously load lazily loaded font '../../../Engine/Content/Editor/Slate/Fonts/FontAwesome.ttf' (139K)
[2019.01.25-03.28.24:627][  0]LogRenderer: Reallocating scene render targets to support 964x436 Format 10 NumSamples 1 (Frame:1).
[2019.01.25-03.28.24:791][  0]LogContentBrowser: Native class hierarchy updated for 'HierarchicalLODOutliner' in 0.0004 seconds. Added 0 classes and 0 folders.
[2019.01.25-03.28.24:791][  0]LogLoad: (Engine Initialization) Total time: 8.69 seconds
[2019.01.25-03.28.24:791][  0]LogLoad: (Engine Initialization) Total Blueprint compile time: 0.00 seconds
[2019.01.25-03.28.24:810][  0]LogWindowsTextInputMethodSystem: Display: IME system now deactivated.
[2019.01.25-03.28.24:834][  0]LogContentStreaming: Texture pool size now 1000 MB
[2019.01.25-03.28.24:861][  1]LogAssetRegistry: Asset discovery search completed in 4.0928 seconds
[2019.01.25-03.28.24:863][  1]LogCollectionManager: Rebuilt the object cache for 0 collections in 0.000000 seconds (found 0 objects)
[2019.01.25-03.28.24:863][  1]LogCollectionManager: Fixed up redirectors for 0 collections in 0.000054 seconds (updated 0 objects)
[2019.01.25-03.28.28:858][231]LogSlate: Took 0.000216 seconds to synchronously load lazily loaded font '../../../Engine/Content/Slate/Fonts/Roboto-Light.ttf' (167K)
[2019.01.25-03.29.00:530][449]LogSlate: FSceneViewport::OnFocusLost() reason 0
[2019.01.25-03.29.00:767][463]LogSlate: Took 0.000217 seconds to synchronously load lazily loaded font '../../../Engine/Content/Slate/Fonts/Roboto-Light.ttf' (167K)
[2019.01.25-03.29.01:038][463]LogAIModule: Creating AISystem for world AEP_InClassWhiteBox
[2019.01.25-03.29.01:096][463]LogAssetEditorManager: Opening Asset editor for World /Game/AEP_InClassWhiteBox.AEP_InClassWhiteBox
[2019.01.25-03.29.01:121][463]Cmd: MAP LOAD FILE="../../../../../../Users/Acadia Pinault/Documents/GitHub/AEP_AssetPipeline/AEP_InClassWhiteBox/Content/AEP_InClassWhiteBox.umap" TEMPLATE=0 SHOWPROGRESS=1 FEATURELEVEL=3
[2019.01.25-03.29.01:121][463]LightingResults: New page: Lighting Build
[2019.01.25-03.29.01:122][463]LoadErrors: New page: Loading map: AEP_InClassWhiteBox.umap
[2019.01.25-03.29.01:122][463]MapCheck: New page: Map Check
[2019.01.25-03.29.01:122][463]LightingResults: New page: Lighting Build
[2019.01.25-03.29.01:163][463]LogEditorServer: Finished looking for orphan Actors (0.000 secs)
[2019.01.25-03.29.01:222][463]Cmd: MAP CHECKDEP NOCLEARLOG
[2019.01.25-03.29.01:277][463]MapCheck: Map check complete: 0 Error(s), 0 Warning(s), took 55.371ms to complete.
[2019.01.25-03.29.01:277][463]LogFileHelpers: Loading map 'AEP_InClassWhiteBox' took 0.158
[2019.01.25-03.29.02:772][535]LogSlate: FSceneViewport::OnFocusLost() reason 2
[2019.01.25-03.29.06:745][772]LogEditorViewport: Clicking on Actor (LMB): BP_Sky_Sphere_C (Sky Sphere)
[2019.01.25-03.29.08:490][874]LogEditorViewport: Clicking on Actor (context menu): BP_Sky_Sphere_C (Sky Sphere)
[2019.01.25-03.29.08:514][874]LogSlate: FSceneViewport::OnFocusLost() reason 2
[2019.01.25-03.29.12:763][124]LogSlate: FSceneViewport::OnFocusLost() reason 2
[2019.01.25-03.29.21:774][624]Cmd: TRANSACTION UNDO
[2019.01.25-03.29.21:774][624]LogEditorTransaction: Undo Move Actors
[2019.01.25-03.29.22:034][624]LogActorComponent: ~FComponentReregisterContext: (/Game/AEP_InClassWhiteBox.AEP_InClassWhiteBox:PersistentLevel.Grass5.BrushComponent0) Component already registered.
[2019.01.25-03.29.22:038][624]LogActorComponent: ~FComponentReregisterContext: (/Game/AEP_InClassWhiteBox.AEP_InClassWhiteBox:PersistentLevel.BoxBrush145.BrushComponent0) Component already registered.
[2019.01.25-03.29.22:038][624]LogActorComponent: ~FComponentReregisterContext: (/Game/AEP_InClassWhiteBox.AEP_InClassWhiteBox:PersistentLevel.BoxBrush150.BrushComponent0) Component already registered.
[2019.01.25-03.29.22:039][624]LogActorComponent: ~FComponentReregisterContext: (/Game/AEP_InClassWhiteBox.AEP_InClassWhiteBox:PersistentLevel.Grass75.BrushComponent0) Component already registered.
[2019.01.25-03.29.22:042][624]LogActorComponent: ~FComponentReregisterContext: (/Game/AEP_InClassWhiteBox.AEP_InClassWhiteBox:PersistentLevel.Grass21.BrushComponent0) Component already registered.
[2019.01.25-03.29.22:043][624]LogActorComponent: ~FComponentReregisterContext: (/Game/AEP_InClassWhiteBox.AEP_InClassWhiteBox:PersistentLevel.Grass48.BrushComponent0) Component already registered.
[2019.01.25-03.29.22:045][624]LogActorComponent: ~FComponentReregisterContext: (/Game/AEP_InClassWhiteBox.AEP_InClassWhiteBox:PersistentLevel.SubBox4.BrushComponent0) Component already registered.
[2019.01.25-03.29.22:060][624]LogActorComponent: ~FComponentReregisterContext: (/Game/AEP_InClassWhiteBox.AEP_InClassWhiteBox:PersistentLevel.BoxBrush3.BrushComponent0) Component already registered.
[2019.01.25-03.29.22:061][624]LogActorComponent: ~FComponentReregisterContext: (/Game/AEP_InClassWhiteBox.AEP_InClassWhiteBox:PersistentLevel.BoxBrush26.BrushComponent0) Component already registered.
[2019.01.25-03.29.22:065][624]LogActorComponent: ~FComponentReregisterContext: (/Game/AEP_InClassWhiteBox.AEP_InClassWhiteBox:PersistentLevel.BoxBrush76.BrushComponent0) Component already registered.
[2019.01.25-03.29.22:067][624]LogActorComponent: ~FComponentReregisterContext: (/Game/AEP_InClassWhiteBox.AEP_InClassWhiteBox:PersistentLevel.BoxBrush92.BrushComponent0) Component already registered.
[2019.01.25-03.29.22:069][624]LogActorComponent: ~FComponentReregisterContext: (/Game/AEP_InClassWhiteBox.AEP_InClassWhiteBox:PersistentLevel.Grass351.BrushComponent0) Component already registered.
[2019.01.25-03.29.22:073][624]LogActorComponent: ~FComponentReregisterContext: (/Game/AEP_InClassWhiteBox.AEP_InClassWhiteBox:PersistentLevel.Grass405.BrushComponent0) Component already registered.
[2019.01.25-03.29.22:076][624]LogActorComponent: ~FComponentReregisterContext: (/Game/AEP_InClassWhiteBox.AEP_InClassWhiteBox:PersistentLevel.Grass378.BrushComponent0) Component already registered.
[2019.01.25-03.29.22:080][624]LogActorComponent: ~FComponentReregisterContext: (/Game/AEP_InClassWhiteBox.AEP_InClassWhiteBox:PersistentLevel.Grass146.BrushComponent0) Component already registered.
[2019.01.25-03.29.22:082][624]LogActorComponent: ~FComponentReregisterContext: (/Game/AEP_InClassWhiteBox.AEP_InClassWhiteBox:PersistentLevel.Grass173.BrushComponent0) Component already registered.
[2019.01.25-03.29.22:082][624]LogActorComponent: ~FComponentReregisterContext: (/Game/AEP_InClassWhiteBox.AEP_InClassWhiteBox:PersistentLevel.Grass113.BrushComponent0) Component already registered.
[2019.01.25-03.29.22:088][624]LogActorComponent: ~FComponentReregisterContext: (/Game/AEP_InClassWhiteBox.AEP_InClassWhiteBox:PersistentLevel.Grass270.BrushComponent0) Component already registered.
[2019.01.25-03.29.22:089][624]LogActorComponent: ~FComponentReregisterContext: (/Game/AEP_InClassWhiteBox.AEP_InClassWhiteBox:PersistentLevel.Grass200.BrushComponent0) Component already registered.
[2019.01.25-03.29.22:092][624]LogActorComponent: ~FComponentReregisterContext: (/Game/AEP_InClassWhiteBox.AEP_InClassWhiteBox:PersistentLevel.Grass216.BrushComponent0) Component already registered.
[2019.01.25-03.29.24:504][754]LogSlate: FSceneViewport::OnFocusLost() reason 0
[2019.01.25-03.29.33:861][286]LogAIModule: Creating AISystem for world AEP_InClassWhiteBox1
[2019.01.25-03.29.52:528][383]LogSavePackage: Moving '../../../../../../Users/Acadia Pinault/Documents/GitHub/AEP_AssetPipeline/AEP_InClassWhiteBox/Saved/AEP_WhiteBoxGeo_BuiltDataFEDE1628477FC5EE584463AC575FAF10.tmp' to '../../../../../../Users/Acadia Pinault/Documents/GitHub/AEP_AssetPipeline/AEP_InClassWhiteBox/Content/AEP_WhiteBoxGeo_BuiltData.uasset'
[2019.01.25-03.29.53:727][383]LogSavePackage: Moving '../../../../../../Users/Acadia Pinault/Documents/GitHub/AEP_AssetPipeline/AEP_InClassWhiteBox/Saved/AEP_WhiteBoxGeo89248C47414989FB5C048797F1C6856F.tmp' to '../../../../../../Users/Acadia Pinault/Documents/GitHub/AEP_AssetPipeline/AEP_InClassWhiteBox/Content/AEP_WhiteBoxGeo.umap'
[2019.01.25-03.29.53:793][383]LogFileHelpers: Saving map 'AEP_WhiteBoxGeo' took 1.253
[2019.01.25-03.31.08:665][155]LogSavePackage: Moving '../../../../../../Users/Acadia Pinault/Documents/GitHub/AEP_AssetPipeline/AEP_InClassWhiteBox/Saved/AEP_InClassWhiteBoxC20CC7794A5B5B905CCF449C115A4349.tmp' to '../../../../../../Users/Acadia Pinault/Documents/GitHub/AEP_AssetPipeline/AEP_InClassWhiteBox/Content/AEP_InClassWhiteBox.umap'
[2019.01.25-03.31.08:779][155]LogSavePackage: Moving '../../../../../../Users/Acadia Pinault/Documents/GitHub/AEP_AssetPipeline/AEP_InClassWhiteBox/Saved/AEP_InClassWhiteBox_BuiltData5C3E46EB44CE7FEBBC7C198A0830D826.tmp' to '../../../../../../Users/Acadia Pinault/Documents/GitHub/AEP_AssetPipeline/AEP_InClassWhiteBox/Content/AEP_InClassWhiteBox_BuiltData.uasset'
[2019.01.25-06.45.52:599][ 92]LogD3D11RHI: Timed out while waiting for GPU to catch up. (500 ms)
[2019.01.25-06.45.52:945][ 94]LogHttp: Warning: 0000022561DBB600: request failed, libcurl error: 6 (Couldn't resolve host name)
[2019.01.25-06.45.52:945][ 94]LogHttp: Warning: 0000022561DBB600: libcurl info message cache 0 (Connection 6 seems to be dead!)
[2019.01.25-06.45.52:945][ 94]LogHttp: Warning: 0000022561DBB600: libcurl info message cache 1 (Closing connection 6)
[2019.01.25-06.45.52:945][ 94]LogHttp: Warning: 0000022561DBB600: libcurl info message cache 2 (TLSv1.2 (OUT), TLS alert, Client hello (1):)
[2019.01.25-06.45.52:945][ 94]LogHttp: Warning: 0000022561DBB600: libcurl info message cache 3 (Could not resolve host: datarouter.ol.epicgames.com)
[2019.01.25-06.45.52:945][ 94]LogHttp: Warning: 0000022561DBB600: libcurl info message cache 4 (Closing connection 7)
[2019.01.25-20.14.41:898][103]LogD3D11RHI: Timed out while waiting for GPU to catch up. (500 ms)
[2019.01.25-20.14.41:898][103]LogHttp: Warning: 0000022561DBB600: request failed, libcurl error: 6 (Couldn't resolve host name)
[2019.01.25-20.14.41:898][103]LogHttp: Warning: 0000022561DBB600: libcurl info message cache 0 (Could not resolve host: datarouter.ol.epicgames.com)
[2019.01.25-20.14.41:898][103]LogHttp: Warning: 0000022561DBB600: libcurl info message cache 1 (Closing connection 8)
[2019.01.25-20.15.35:865][817]LogFactory: FactoryCreateFile: StaticMesh with FbxFactory (0 0 C:\Users\Acadia Pinault\Downloads\mann.obj)
[2019.01.25-20.15.35:938][817]LogFbx: Loading FBX Scene from C:\Users\Acadia Pinault\Downloads\mann.obj
[2019.01.25-20.15.36:126][817]LogFbx: FBX Scene Loaded Succesfully
[2019.01.25-20.15.49:559][817]LogSlate: Window 'FBX Import Options' being destroyed
[2019.01.25-20.15.50:234][817]LogMaterial: Display: Missing cached shader map for material SM_hatMat, compiling. 
[2019.01.25-20.15.50:359][817]LogShaderCompilers: Display: Shaders left to compile 22
[2019.01.25-20.15.50:359][817]LogShaderCompilers: Display: Shaders left to compile 12
[2019.01.25-20.15.50:359][817]LogShaderCompilers: Display: Shaders left to compile 2
[2019.01.25-20.15.50:359][817]LogFbx: Warning: Triangulating static mesh SM_hat
[2019.01.25-20.15.51:281][817]LogStaticMesh: Building static mesh mann...
[2019.01.25-20.15.51:562][817]LogStaticMesh: Built static mesh [0.28s] /Game/mann.mann
[2019.01.25-20.16.01:021][130]LogFileHelpers: Editor autosave (incl. sublevels) for '/Game/AEP_InClassWhiteBox' took 0.056
[2019.01.25-20.16.01:025][130]OBJ SavePackage: Generating thumbnails for [1] asset(s) in package [/Game/mann] ([1] browsable assets)...
[2019.01.25-20.16.01:066][130]OBJ SavePackage:     Rendered thumbnail for [StaticMesh /Game/mann.mann]
[2019.01.25-20.16.01:066][130]OBJ SavePackage: Finished generating thumbnails for package [/Game/mann]
[2019.01.25-20.16.01:104][130]LogSavePackage: Moving '../../../../../../Users/Acadia Pinault/Documents/GitHub/AEP_AssetPipeline/AEP_InClassWhiteBox/Saved/mann_Auto1566FAAF942D65248036B6FBB4354437C.tmp' to '../../../../../../Users/Acadia Pinault/Documents/GitHub/AEP_AssetPipeline/AEP_InClassWhiteBox/Saved/Autosaves/Game/mann_Auto1.uasset'
[2019.01.25-20.16.01:107][130]OBJ SavePackage: Generating thumbnails for [1] asset(s) in package [/Game/SM_hatMat] ([1] browsable assets)...
[2019.01.25-20.16.01:130][130]OBJ SavePackage:     Rendered thumbnail for [Material /Game/SM_hatMat.SM_hatMat]
[2019.01.25-20.16.01:130][130]OBJ SavePackage: Finished generating thumbnails for package [/Game/SM_hatMat]
[2019.01.25-20.16.01:167][130]LogSavePackage: Moving '../../../../../../Users/Acadia Pinault/Documents/GitHub/AEP_AssetPipeline/AEP_InClassWhiteBox/Saved/SM_hatMat_Auto1C55EA41C447A1275E85B728C954DAAB7.tmp' to '../../../../../../Users/Acadia Pinault/Documents/GitHub/AEP_AssetPipeline/AEP_InClassWhiteBox/Saved/Autosaves/Game/SM_hatMat_Auto1.uasset'
[2019.01.25-20.16.01:169][130]LogFileHelpers: Auto-saving content packages took 0.146
[2019.01.25-20.16.08:430][259]LogD3D11RHI: Timed out while waiting for GPU to catch up. (0.5 s)
[2019.01.25-20.16.08:446][259]LogD3D11RHI: Error: Result failed 
 at D:\Build\++UE4\Sync\Engine\Source\Runtime\Windows\D3D11RHI\Private\D3D11Query.cpp:146 
 with error DXGI_ERROR_DEVICE_REMOVED DXGI_ERROR_DEVICE_HUNG
[2019.01.25-20.16.08:446][259]LogD3D11RHI: [Aftermath] GDynamicRHI=0000022540802100, GDX11NVAfterMathEnabled=0, Result=0xFFFFFFFF, bDeviceActive=0
[2019.01.25-20.16.08:446][259]LogWindows: Windows GetLastError: The operation completed successfully. (0)
[2019.01.25-20.16.11:208][259]LogWindows: Windows GetLastError: The operation completed successfully. (0)
[2019.01.25-20.16.11:216][259]LogWindows: Error: === Critical error: ===
[2019.01.25-20.16.11:216][259]LogWindows: Error: 
[2019.01.25-20.16.11:216][259]LogWindows: Error: Fatal error: [File:D:\Build\++UE4\Sync\Engine\Source\Runtime\RenderCore\Private\RenderingThread.cpp] [Line: 826] 
[2019.01.25-20.16.11:216][259]LogWindows: Error: Rendering thread exception:
[2019.01.25-20.16.11:216][259]LogWindows: Error: Fatal error: [File:D:\Build\++UE4\Sync\Engine\Source\Runtime\Windows\D3D11RHI\Private\D3D11Util.cpp] [Line: 200] 
[2019.01.25-20.16.11:216][259]LogWindows: Error: Unreal Engine is exiting due to D3D device being lost. (Error: 0x887A0006 - 'HUNG')
[2019.01.25-20.16.11:216][259]LogWindows: Error: 
[2019.01.25-20.16.11:216][259]LogWindows: Error: 
[2019.01.25-20.16.11:216][259]LogWindows: Error: [Callstack] 0x00007fff3aaba388 KERNELBASE.dll!UnknownFunction []
[2019.01.25-20.16.11:216][259]LogWindows: Error: [Callstack] 0x00007fff0ec66850 UE4Editor-ApplicationCore.dll!UnknownFunction []
[2019.01.25-20.16.11:217][259]LogWindows: Error: [Callstack] 0x00007ffecf8a62fc UE4Editor-Core.dll!UnknownFunction []
[2019.01.25-20.16.11:217][259]LogWindows: Error: [Callstack] 0x00007ffecf8351db UE4Editor-Core.dll!UnknownFunction []
[2019.01.25-20.16.11:217][259]LogWindows: Error: [Callstack] 0x00007ffec668adea UE4Editor-D3D11RHI.dll!UnknownFunction []
[2019.01.25-20.16.11:217][259]LogWindows: Error: [Callstack] 0x00007ffec668e6e4 UE4Editor-D3D11RHI.dll!UnknownFunction []
[2019.01.25-20.16.11:217][259]LogWindows: Error: [Callstack] 0x00007ffec6665951 UE4Editor-D3D11RHI.dll!UnknownFunction []
[2019.01.25-20.16.11:217][259]LogWindows: Error: [Callstack] 0x00007ffec667abf8 UE4Editor-D3D11RHI.dll!UnknownFunction []
[2019.01.25-20.16.11:217][259]LogWindows: Error: [Callstack] 0x00007ffefc7ab106 UE4Editor-RHI.dll!UnknownFunction []
[2019.01.25-20.16.11:217][259]LogWindows: Error: [Callstack] 0x00007ffec63f1b42 UE4Editor-SlateRHIRenderer.dll!UnknownFunction []
[2019.01.25-20.16.11:217][259]LogWindows: Error: [Callstack] 0x00007ffec63f7d0a UE4Editor-SlateRHIRenderer.dll!UnknownFunction []
[2019.01.25-20.16.11:217][259]LogWindows: Error: [Callstack] 0x00007ffecf6c1f92 UE4Editor-Core.dll!UnknownFunction []
[2019.01.25-20.16.11:217][259]LogWindows: Error: [Callstack] 0x00007ffecf6c2456 UE4Editor-Core.dll!UnknownFunction []
[2019.01.25-20.16.11:217][259]LogWindows: Error: [Callstack] 0x00007fff10e875f9 UE4Editor-RenderCore.dll!UnknownFunction []
[2019.01.25-20.16.11:217][259]LogWindows: Error: [Callstack] 0x00007fff10e88574 UE4Editor-RenderCore.dll!UnknownFunction []
[2019.01.25-20.16.11:217][259]LogWindows: Error: [Callstack] 0x00007ffecfb06b7c UE4Editor-Core.dll!UnknownFunction []
[2019.01.25-20.16.11:217][259]LogWindows: Error: [Callstack] 0x00007ffecfb017c7 UE4Editor-Core.dll!UnknownFunction []
[2019.01.25-20.16.11:217][259]LogWindows: Error: [Callstack] 0x00007fff3e473034 KERNEL32.DLL!UnknownFunction []
[2019.01.25-20.16.11:217][259]LogWindows: Error: [Callstack] 0x00007fff3e623691 ntdll.dll!UnknownFunction []
[2019.01.25-20.16.11:217][259]LogWindows: Error: 
[2019.01.25-20.16.11:217][259]LogWindows: Error: 
[2019.01.25-20.16.11:217][259]LogWindows: Error: 
[2019.01.25-20.16.11:217][259]LogWindows: Error: 
[2019.01.25-20.16.11:241][259]LogExit: Executing StaticShutdownAfterError
[2019.01.25-20.16.11:258][259]LogWindows: FPlatformMisc::RequestExit(1)
[2019.01.25-20.16.11:263][259]Log file closed, 01/25/19 13:16:11
